This is pdfTeX, Version 3.14159265-2.6-1.40.16 (TeX Live 2015/Debian) (preloaded format=pdflatex 2017.2.18)  20 FEB 2017 08:14
entering extended mode
 restricted \write18 enabled.
 %&-line parsing enabled.
**Arbeit.tex
(./Arbeit.tex
LaTeX2e <2016/02/01>
Babel <3.9q> and hyphenation patterns for 14 language(s) loaded.
(/usr/share/texlive/texmf-dist/tex/latex/base/article.cls
Document Class: article 2014/09/29 v1.4h Standard LaTeX document class
(/usr/share/texlive/texmf-dist/tex/latex/base/size11.clo
File: size11.clo 2014/09/29 v1.4h Standard LaTeX file (size option)
)
\c@part=\count79
\c@section=\count80
\c@subsection=\count81
\c@subsubsection=\count82
\c@paragraph=\count83
\c@subparagraph=\count84
\c@figure=\count85
\c@table=\count86
\abovecaptionskip=\skip41
\belowcaptionskip=\skip42
\bibindent=\dimen102
)
(/usr/share/texlive/texmf-dist/tex/latex/geometry/geometry.sty
Package: geometry 2010/09/12 v5.6 Page Geometry

(/usr/share/texlive/texmf-dist/tex/latex/graphics/keyval.sty
Package: keyval 2014/10/28 v1.15 key=value parser (DPC)
\KV@toks@=\toks14
)
(/usr/share/texlive/texmf-dist/tex/generic/oberdiek/ifpdf.sty
Package: ifpdf 2011/01/30 v2.3 Provides the ifpdf switch (HO)
Package ifpdf Info: pdfTeX in PDF mode is detected.
)
(/usr/share/texlive/texmf-dist/tex/generic/oberdiek/ifvtex.sty
Package: ifvtex 2010/03/01 v1.5 Detect VTeX and its facilities (HO)
Package ifvtex Info: VTeX not detected.
)
(/usr/share/texlive/texmf-dist/tex/generic/ifxetex/ifxetex.sty
Package: ifxetex 2010/09/12 v0.6 Provides ifxetex conditional
)
\Gm@cnth=\count87
\Gm@cntv=\count88
\c@Gm@tempcnt=\count89
\Gm@bindingoffset=\dimen103
\Gm@wd@mp=\dimen104
\Gm@odd@mp=\dimen105
\Gm@even@mp=\dimen106
\Gm@layoutwidth=\dimen107
\Gm@layoutheight=\dimen108
\Gm@layouthoffset=\dimen109
\Gm@layoutvoffset=\dimen110
\Gm@dimlist=\toks15
)
(/usr/share/texlive/texmf-dist/tex/generic/babel/babel.sty
Package: babel 2016/02/24 3.9q The Babel package

(/usr/share/texlive/texmf-dist/tex/generic/babel-german/ngerman.ldf
Language: ngerman 2013/12/13 v2.7 German support for babel (new orthography)

(/usr/share/texlive/texmf-dist/tex/generic/babel-german/ngermanb.ldf
Language: ngermanb 2013/12/13 v2.7 German support for babel (new orthography)

(/usr/share/texlive/texmf-dist/tex/generic/babel/babel.def
File: babel.def 2016/02/24 3.9q Babel common definitions
\babel@savecnt=\count90
\U@D=\dimen111
)
\l@naustrian = a dialect from \language\l@ngerman 
\l@nswissgerman = a dialect from \language\l@ngerman 
Package babel Info: Making " an active character on input line 88.
)))
(/usr/share/texlive/texmf-dist/tex/latex/base/inputenc.sty
Package: inputenc 2015/03/17 v1.2c Input encoding file
\inpenc@prehook=\toks16
\inpenc@posthook=\toks17

(/usr/share/texlive/texmf-dist/tex/latex/base/ansinew.def
File: ansinew.def 2015/03/17 v1.2c Input encoding file
))
(/usr/share/texlive/texmf-dist/tex/latex/eurosym/eurosym.sty
Package: eurosym 1998/08/06 v1.1 European currency symbol ``Euro''
\@eurobox=\box26
)
(/usr/share/texlive/texmf-dist/tex/latex/textgreek/textgreek.sty
Package: textgreek 2011/10/09 v0.7 Greek symbols in text
Package textgreek Info: Loading the definitions for the Greek fontencoding. on 
input line 39.

(/usr/share/texlive/texmf-dist/tex/latex/greek-fontenc/lgrenc.def
File: lgrenc.def 2015/12/07 v0.13.1 LGR Greek font encoding definitions

(/usr/share/texlive/texmf-dist/tex/latex/greek-fontenc/greek-fontenc.def
File: greek-fontenc.def 2015/08/04 v0.13 Common Greek font encoding definitions

))
Package textgreek Info: Loaded fontmap: {eur/*/*}{U/eur/*/*} {phv/*/*}{U/psy/*/
*}. on input line 69.
)
(/usr/share/texlive/texmf-dist/tex/latex/amsmath/amsmath.sty
Package: amsmath 2016/03/03 v2.15a AMS math features
\@mathmargin=\skip43

For additional information on amsmath, use the `?' option.
(/usr/share/texlive/texmf-dist/tex/latex/amsmath/amstext.sty
Package: amstext 2000/06/29 v2.01 AMS text

(/usr/share/texlive/texmf-dist/tex/latex/amsmath/amsgen.sty
File: amsgen.sty 1999/11/30 v2.0 generic functions
\@emptytoks=\toks18
\ex@=\dimen112
))
(/usr/share/texlive/texmf-dist/tex/latex/amsmath/amsbsy.sty
Package: amsbsy 1999/11/29 v1.2d Bold Symbols
\pmbraise@=\dimen113
)
(/usr/share/texlive/texmf-dist/tex/latex/amsmath/amsopn.sty
Package: amsopn 1999/12/14 v2.01 operator names
)
\inf@bad=\count91
LaTeX Info: Redefining \frac on input line 199.
\uproot@=\count92
\leftroot@=\count93
LaTeX Info: Redefining \overline on input line 297.
\classnum@=\count94
\DOTSCASE@=\count95
LaTeX Info: Redefining \ldots on input line 394.
LaTeX Info: Redefining \dots on input line 397.
LaTeX Info: Redefining \cdots on input line 518.
\Mathstrutbox@=\box27
\strutbox@=\box28
\big@size=\dimen114
LaTeX Font Info:    Redeclaring font encoding OML on input line 630.
LaTeX Font Info:    Redeclaring font encoding OMS on input line 631.
\macc@depth=\count96
\c@MaxMatrixCols=\count97
\dotsspace@=\muskip10
\c@parentequation=\count98
\dspbrk@lvl=\count99
\tag@help=\toks19
\row@=\count100
\column@=\count101
\maxfields@=\count102
\andhelp@=\toks20
\eqnshift@=\dimen115
\alignsep@=\dimen116
\tagshift@=\dimen117
\tagwidth@=\dimen118
\totwidth@=\dimen119
\lineht@=\dimen120
\@envbody=\toks21
\multlinegap=\skip44
\multlinetaggap=\skip45
\mathdisplay@stack=\toks22
LaTeX Info: Redefining \[ on input line 2735.
LaTeX Info: Redefining \] on input line 2736.
)
(/usr/share/texlive/texmf-dist/tex/latex/xcolor/xcolor.sty
Package: xcolor 2007/01/21 v2.11 LaTeX color extensions (UK)

(/usr/share/texlive/texmf-dist/tex/latex/latexconfig/color.cfg
File: color.cfg 2007/01/18 v1.5 color configuration of teTeX/TeXLive
)
Package xcolor Info: Driver file: pdftex.def on input line 225.

(/usr/share/texlive/texmf-dist/tex/latex/pdftex-def/pdftex.def
File: pdftex.def 2011/05/27 v0.06d Graphics/color for pdfTeX

(/usr/share/texlive/texmf-dist/tex/generic/oberdiek/infwarerr.sty
Package: infwarerr 2010/04/08 v1.3 Providing info/warning/error messages (HO)
)
(/usr/share/texlive/texmf-dist/tex/generic/oberdiek/ltxcmds.sty
Package: ltxcmds 2011/11/09 v1.22 LaTeX kernel commands for general use (HO)
)
\Gread@gobject=\count103
)
Package xcolor Info: Model `cmy' substituted by `cmy0' on input line 1337.
Package xcolor Info: Model `hsb' substituted by `rgb' on input line 1341.
Package xcolor Info: Model `RGB' extended on input line 1353.
Package xcolor Info: Model `HTML' substituted by `rgb' on input line 1355.
Package xcolor Info: Model `Hsb' substituted by `hsb' on input line 1356.
Package xcolor Info: Model `tHsb' substituted by `hsb' on input line 1357.
Package xcolor Info: Model `HSB' substituted by `hsb' on input line 1358.
Package xcolor Info: Model `Gray' substituted by `gray' on input line 1359.
Package xcolor Info: Model `wave' substituted by `hsb' on input line 1360.
)
(/usr/share/texlive/texmf-dist/tex/latex/graphics/graphicx.sty
Package: graphicx 2014/10/28 v1.0g Enhanced LaTeX Graphics (DPC,SPQR)

(/usr/share/texlive/texmf-dist/tex/latex/graphics/graphics.sty
Package: graphics 2016/01/03 v1.0q Standard LaTeX Graphics (DPC,SPQR)

(/usr/share/texlive/texmf-dist/tex/latex/graphics/trig.sty
Package: trig 2016/01/03 v1.10 sin cos tan (DPC)
)
(/usr/share/texlive/texmf-dist/tex/latex/latexconfig/graphics.cfg
File: graphics.cfg 2010/04/23 v1.9 graphics configuration of TeX Live
)
Package graphics Info: Driver file: pdftex.def on input line 95.
)
\Gin@req@height=\dimen121
\Gin@req@width=\dimen122
)
(/usr/share/texlive/texmf-dist/tex/latex/base/fontenc.sty
Package: fontenc 2005/09/27 v1.99g Standard LaTeX package

(/usr/share/texlive/texmf-dist/tex/latex/base/t1enc.def
File: t1enc.def 2005/09/27 v1.99g Standard LaTeX file
LaTeX Font Info:    Redeclaring font encoding T1 on input line 48.
))
(/usr/share/texlive/texmf-dist/tex/latex/subfigure/subfigure.sty
Package: subfigure 2002/03/15 v2.1.5 subfigure package
\subfigtopskip=\skip46
\subfigcapskip=\skip47
\subfigcaptopadj=\dimen123
\subfigbottomskip=\skip48
\subfigcapmargin=\dimen124
\subfiglabelskip=\skip49
\c@subfigure=\count104
\c@lofdepth=\count105
\c@subtable=\count106
\c@lotdepth=\count107

****************************************
* Local config file subfigure.cfg used *
****************************************
(/usr/share/texlive/texmf-dist/tex/latex/subfigure/subfigure.cfg)
\subfig@top=\skip50
\subfig@bottom=\skip51
)
(./Arbeit.aux)
\openout1 = `Arbeit.aux'.

LaTeX Font Info:    Checking defaults for OML/cmm/m/it on input line 12.
LaTeX Font Info:    ... okay on input line 12.
LaTeX Font Info:    Checking defaults for T1/cmr/m/n on input line 12.
LaTeX Font Info:    ... okay on input line 12.
LaTeX Font Info:    Checking defaults for OT1/cmr/m/n on input line 12.
LaTeX Font Info:    ... okay on input line 12.
LaTeX Font Info:    Checking defaults for OMS/cmsy/m/n on input line 12.
LaTeX Font Info:    ... okay on input line 12.
LaTeX Font Info:    Checking defaults for OMX/cmex/m/n on input line 12.
LaTeX Font Info:    ... okay on input line 12.
LaTeX Font Info:    Checking defaults for U/cmr/m/n on input line 12.
LaTeX Font Info:    ... okay on input line 12.
LaTeX Font Info:    Checking defaults for LGR/cmr/m/n on input line 12.
LaTeX Font Info:    Try loading font information for LGR+cmr on input line 12.
 (/usr/share/texlive/texmf-dist/tex/latex/cbfonts-fd/lgrcmr.fd
File: lgrcmr.fd 2013/09/01 v1.0 Greek European Computer Regular
)
LaTeX Font Info:    ... okay on input line 12.

*geometry* driver: auto-detecting
*geometry* detected driver: pdftex
*geometry* verbose mode - [ preamble ] result:
* driver: pdftex
* paper: a4paper
* layout: <same size as paper>
* layoutoffset:(h,v)=(0.0pt,0.0pt)
* modes: 
* h-part:(L,W,R)=(71.13188pt, 455.24411pt, 71.13188pt)
* v-part:(T,H,B)=(71.13188pt, 717.00946pt, 56.9055pt)
* \paperwidth=597.50787pt
* \paperheight=845.04684pt
* \textwidth=455.24411pt
* \textheight=717.00946pt
* \oddsidemargin=-1.1381pt
* \evensidemargin=-1.1381pt
* \topmargin=-38.1381pt
* \headheight=12.0pt
* \headsep=25.0pt
* \topskip=11.0pt
* \footskip=30.0pt
* \marginparwidth=50.0pt
* \marginparsep=10.0pt
* \columnsep=10.0pt
* \skip\footins=10.0pt plus 4.0pt minus 2.0pt
* \hoffset=0.0pt
* \voffset=0.0pt
* \mag=1000
* \@twocolumnfalse
* \@twosidefalse
* \@mparswitchfalse
* \@reversemarginfalse
* (1in=72.27pt=25.4mm, 1cm=28.453pt)

(/usr/share/texlive/texmf-dist/tex/context/base/supp-pdf.mkii
[Loading MPS to PDF converter (version 2006.09.02).]
\scratchcounter=\count108
\scratchdimen=\dimen125
\scratchbox=\box29
\nofMPsegments=\count109
\nofMParguments=\count110
\everyMPshowfont=\toks23
\MPscratchCnt=\count111
\MPscratchDim=\dimen126
\MPnumerator=\count112
\makeMPintoPDFobject=\count113
\everyMPtoPDFconversion=\toks24
) (/usr/share/texlive/texmf-dist/tex/generic/oberdiek/pdftexcmds.sty
Package: pdftexcmds 2011/11/29 v0.20 Utility functions of pdfTeX for LuaTeX (HO
)

(/usr/share/texlive/texmf-dist/tex/generic/oberdiek/ifluatex.sty
Package: ifluatex 2010/03/01 v1.3 Provides the ifluatex switch (HO)
Package ifluatex Info: LuaTeX not detected.
)
Package pdftexcmds Info: LuaTeX not detected.
Package pdftexcmds Info: \pdf@primitive is available.
Package pdftexcmds Info: \pdf@ifprimitive is available.
Package pdftexcmds Info: \pdfdraftmode found.
)
(/usr/share/texlive/texmf-dist/tex/latex/oberdiek/epstopdf-base.sty
Package: epstopdf-base 2010/02/09 v2.5 Base part for package epstopdf

(/usr/share/texlive/texmf-dist/tex/latex/oberdiek/grfext.sty
Package: grfext 2010/08/19 v1.1 Manage graphics extensions (HO)

(/usr/share/texlive/texmf-dist/tex/generic/oberdiek/kvdefinekeys.sty
Package: kvdefinekeys 2011/04/07 v1.3 Define keys (HO)
))
(/usr/share/texlive/texmf-dist/tex/latex/oberdiek/kvoptions.sty
Package: kvoptions 2011/06/30 v3.11 Key value format for package options (HO)

(/usr/share/texlive/texmf-dist/tex/generic/oberdiek/kvsetkeys.sty
Package: kvsetkeys 2012/04/25 v1.16 Key value parser (HO)

(/usr/share/texlive/texmf-dist/tex/generic/oberdiek/etexcmds.sty
Package: etexcmds 2011/02/16 v1.5 Avoid name clashes with e-TeX commands (HO)
Package etexcmds Info: Could not find \expanded.
(etexcmds)             That can mean that you are not using pdfTeX 1.50 or
(etexcmds)             that some package has redefined \expanded.
(etexcmds)             In the latter case, load this package earlier.
)))
Package grfext Info: Graphics extension search list:
(grfext)             [.png,.pdf,.jpg,.mps,.jpeg,.jbig2,.jb2,.PNG,.PDF,.JPG,.JPE
G,.JBIG2,.JB2,.eps]
(grfext)             \AppendGraphicsExtensions on input line 452.

(/usr/share/texlive/texmf-dist/tex/latex/latexconfig/epstopdf-sys.cfg
File: epstopdf-sys.cfg 2010/07/13 v1.3 Configuration of (r)epstopdf for TeX Liv
e
))
(./Arbeit.toc)
\tf@toc=\write3
\openout3 = `Arbeit.toc'.

 [1

{/var/lib/texmf/fonts/map/pdftex/updmap/pdftex.map}]
<AufbauDer24BitAnsteuerungDesStreifens.png, id=9, 697.60625pt x 36.135pt>
File: AufbauDer24BitAnsteuerungDesStreifens.png Graphic file (type png)

<use AufbauDer24BitAnsteuerungDesStreifens.png>
Package pdftex.def Info: AufbauDer24BitAnsteuerungDesStreifens.png used on inpu
t line 27.
(pdftex.def)             Requested size: 426.79134pt x 22.10736pt.
 [2 <./AufbauDer24BitAnsteuerungDesStreifens.png>] <dia1.png, id=18, 489.83pt x
 471.7625pt>
File: dia1.png Graphic file (type png)
 <use dia1.png>
Package pdftex.def Info: dia1.png used on input line 59.
(pdftex.def)             Requested size: 341.43306pt x 328.84938pt.


LaTeX Warning: `h' float specifier changed to `ht'.

<dia2.png, id=19, 395.97937pt x 404.00937pt>
File: dia2.png Graphic file (type png)
 <use dia2.png>
Package pdftex.def Info: dia2.png used on input line 70.
(pdftex.def)             Requested size: 341.43306pt x 348.35982pt.

Underfull \hbox (badness 10000) in paragraph at lines 66--74

 []


LaTeX Warning: `h' float specifier changed to `ht'.

[3] [4 <./dia1.png>] <Startanzeige.png, id=33, 637.38126pt x 360.34625pt>
File: Startanzeige.png Graphic file (type png)

<use Startanzeige.png>
Package pdftex.def Info: Startanzeige.png used on input line 86.
(pdftex.def)             Requested size: 284.52756pt x 160.85667pt.


LaTeX Warning: `h' float specifier changed to `ht'.

[5 <./dia2.png>] [6 <./Startanzeige.png>]
<u.png, id=42, 285.065pt x 236.885pt>
File: u.png Graphic file (type png)
 <use u.png>
Package pdftex.def Info: u.png used on input line 111.
(pdftex.def)             Requested size: 284.52756pt x 236.43982pt.
 [7] [8 <./u.png>]
<Rad.png, id=51, 741.77126pt x 384.93813pt>
File: Rad.png Graphic file (type png)
 <use Rad.png>
Package pdftex.def Info: Rad.png used on input line 123.
(pdftex.def)             Requested size: 270.30118pt x 140.26923pt.


LaTeX Warning: `h' float specifier changed to `ht'.

[9] <Stopschild.png, id=55, 300.62312pt x 310.66063pt>
File: Stopschild.png Graphic file (type png)
 <use Stopschild.png>
Package pdftex.def Info: Stopschild.png used on input line 137.
(pdftex.def)             Requested size: 199.16928pt x 205.82353pt.


LaTeX Warning: `h' float specifier changed to `ht'.

<Smily0.png, id=56, 280.54813pt x 280.04625pt>
File: Smily0.png Graphic file (type png)
 <use Smily0.png>
Package pdftex.def Info: Smily0.png used on input line 144.
(pdftex.def)             Requested size: 156.49014pt x 156.20949pt.

<Smily3.png, id=57, 270.51062pt x 270.51062pt>
File: Smily3.png Graphic file (type png)
 <use Smily3.png>
Package pdftex.def Info: Smily3.png used on input line 145.
(pdftex.def)             Requested size: 156.49014pt x 156.49588pt.


LaTeX Warning: `h' float specifier changed to `ht'.

[10 <./Rad.png>]
Overfull \hbox (4.43771pt too wide) in paragraph at lines 155--195
\T1/cmr/m/n/10.95 http://www.pd-f.de/wp-content/uploads/kalins-pdf/singles/them
enblatt-die-fahrradwelt-in- zah-
 []


Overfull \hbox (3.87256pt too wide) in paragraph at lines 155--195
\T1/cmr/m/n/10.95 http://www.monkeylectric.com/monkey_light_pro/ [Zu-gang am 10
.01.2017, um 16:56 Uhr; Mon-
 []


Overfull \hbox (6.75537pt too wide) in paragraph at lines 155--195
\T1/cmr/m/n/10.95 https://www.raspberrypi.org/downloads/raspbian/ [Zu-gang am 1
5.1.2017 um 11:54 Uhr; Raspber-
 []


Overfull \hbox (4.48314pt too wide) in paragraph at lines 155--195
\T1/cmr/m/n/10.95 https://i1.wp.com/www.novaspirit.com/wp-content/uploads/2016/
10/wireing.jpg?ssl=1 [Zu-gang
 []


Overfull \hbox (0.32002pt too wide) in paragraph at lines 155--195
\T1/cmr/m/n/10.95 https://www.raspberrypi.org/documentation/configuration/wirel
ess/wireless-cli.md [Zu-gang am
 []


Overfull \hbox (11.63094pt too wide) in paragraph at lines 155--195
\T1/cmr/m/n/10.95 https://www.raspberrypi.org/documentation/configuration/raspi
-config.md [Zu-gang am 15.1.2017,
 []


Overfull \hbox (3.17165pt too wide) in paragraph at lines 155--195
\T1/cmr/m/n/10.95 -629536.html? gclid=CPfQ7JrP29ECFcG7GwodF3UFtQ&insert_kz=VQ&h
k=SEM&WT.srch= 
 []


Overfull \hbox (16.70816pt too wide) in paragraph at lines 155--195
\T1/cmr/m/n/10.95 1&WT.mc_id=g oo-gle_pla&s_kwcid=AL!222!3!173789970902!!!g!!&e
f_id=WBpFUQAABUMWE 
 []


Overfull \hbox (17.79248pt too wide) in paragraph at lines 155--195
\T1/cmr/m/n/10.95 google_&wt_cc2=913-0001_Hardware_257367&gclid=CMeX0KL759ECFYG
w7Qod 2q8CRQ [Zu-
 []


Overfull \hbox (5.02965pt too wide) in paragraph at lines 155--195
\T1/cmr/m/n/10.95 Waterproof-H3/111860633668? _trk-sid=p2141725.c100338.m3726&_
trkparms=aid%3D222007% 
 []


Overfull \hbox (10.5522pt too wide) in paragraph at lines 155--195
\T1/cmr/m/n/10.95 8990b9f5cc22f9914% 26pid%3D100338%26rk%3D1%26rkt%3D21%26sd%3D
301963844528 [Zu-gang
 []


Overfull \hbox (11.63696pt too wide) in paragraph at lines 155--195
\T1/cmr/m/n/10.95 1EC6Y/ref=sr_1_1?s=ce- de&ie=UTF8&qid=1483383358&sr=1-1&keywo
rds=akkupack [Zu-gang
 []


Underfull \hbox (badness 10000) in paragraph at lines 155--195

 []


Overfull \hbox (6.08948pt too wide) in paragraph at lines 155--195
\T1/cmr/m/n/10.95 https://cdn-shop.adafruit.com/datasheets/WS2812B.pdf [Zu-gang
 am 20.2., um 8:00 Uhr; Adafruit
 []

[11 <./Stopschild.png> <./Smily0.png> <./Smily3.png>] [12]
<tab.png, id=68, 158.5925pt x 198.24063pt>
File: tab.png Graphic file (type png)
 <use tab.png>
Package pdftex.def Info: tab.png used on input line 200.
(pdftex.def)             Requested size: 113.81102pt x 142.2673pt.
 [13 <./tab.png>]
(./Arbeit.aux) ) 
Here is how much of TeX's memory you used:
 4868 strings out of 494787
 68462 string characters out of 6176020
 138980 words of memory out of 5000000
 8086 multiletter control sequences out of 15000+600000
 15559 words of font info for 38 fonts, out of 8000000 for 9000
 81 hyphenation exceptions out of 8191
 38i,12n,35p,2455b,274s stack positions out of 5000i,500n,10000p,200000b,80000s
{/usr/share/texmf/fonts/enc/dvips/cm-super/cm-super-t1.enc}</us
r/share/texlive/texmf-dist/fonts/type1/public/amsfonts/cm/cmex10.pfb></usr/shar
e/texlive/texmf-dist/fonts/type1/public/amsfonts/cm/cmmi10.pfb></usr/share/texl
ive/texmf-dist/fonts/type1/public/amsfonts/cm/cmmi8.pfb></usr/share/texlive/tex
mf-dist/fonts/type1/public/amsfonts/cm/cmr10.pfb></usr/share/texlive/texmf-dist
/fonts/type1/public/amsfonts/cm/cmr8.pfb></usr/share/texlive/texmf-dist/fonts/t
ype1/public/amsfonts/cm/cmsy10.pfb></usr/share/texlive/texmf-dist/fonts/type1/p
ublic/amsfonts/cm/cmsy8.pfb></usr/share/texlive/texmf-dist/fonts/type1/public/e
urosym/feymr10.pfb></usr/share/texlive/texmf-dist/fonts/type1/public/cbfonts/gr
mn1095.pfb></usr/share/texmf/fonts/type1/public/cm-super/sfbx1095.pfb></usr/sha
re/texmf/fonts/type1/public/cm-super/sfbx1200.pfb></usr/share/texmf/fonts/type1
/public/cm-super/sfbx1440.pfb></usr/share/texmf/fonts/type1/public/cm-super/sfr
m0800.pfb></usr/share/texmf/fonts/type1/public/cm-super/sfrm0900.pfb></usr/shar
e/texmf/fonts/type1/public/cm-super/sfrm1095.pfb>
Output written on Arbeit.pdf (13 pages, 3022005 bytes).
PDF statistics:
 122 PDF objects out of 1000 (max. 8388607)
 78 compressed objects within 1 object stream
 0 named destinations out of 1000 (max. 500000)
 51 words of extra memory for PDF output out of 10000 (max. 10000000)

